#Thu May 19 08:56:01 UTC 2011#
             total       used       free     shared    buffers     cached
Mem:        648220     249832     398388          0       6116      80756
-/+ buffers/cache:     162960     485260
Swap:            0          0          0
#Thu May 19 08:57:01 UTC 2011#
             total       used       free     shared    buffers     cached
Mem:        648220     249984     398236          0       6140      80776
-/+ buffers/cache:     163068     485152
Swap:            0          0          0
#Thu May 19 08:58:01 UTC 2011#
             total       used       free     shared    buffers     cached
Mem:        648220     250136     398084          0       6164      80776
-/+ buffers/cache:     163196     485024
Swap:            0          0          0
#Thu May 19 08:59:01 UTC 2011#
             total       used       free     shared    buffers     cached
Mem:        648220     250136     398084          0       6188      80768
-/+ buffers/cache:     163180     485040
Swap:            0          0          0
